{
  "0 debug pnpm:scope": {
    "selected": 1
  },
  "1 error pnpm": {
    "errno": 1,
    "code": "ELIFECYCLE",
    "pkgid": "mantine-next-template@1.0.0",
    "stage": "dev",
    "script": "next dev",
    "pkgname": "mantine-next-template",
    "err": {
      "name": "pnpm",
      "message": "mantine-next-template@1.0.0 dev: `next dev`\nExit status 1",
      "code": "ELIFECYCLE",
      "stack": "pnpm: mantine-next-template@1.0.0 dev: `next dev`\nExit status 1\n    at EventEmitter.<anonymous> (C:\\Users\\Kai Sugrue\\AppData\\Roaming\\nvm\\v17.9.0\\node_modules\\pnpm\\dist\\pnpm.cjs:108415:20)\n    at EventEmitter.emit (node:events:527:28)\n    at ChildProcess.<anonymous> (C:\\Users\\Kai Sugrue\\AppData\\Roaming\\nvm\\v17.9.0\\node_modules\\pnpm\\dist\\pnpm.cjs:94981:18)\n    at ChildProcess.emit (node:events:527:28)\n    at maybeClose (node:internal/child_process:1090:16)\n    at Process.ChildProcess._handle.onexit (node:internal/child_process:302:5)"
    }
  },
  "2 warn pnpm:global": " Local package.json exists, but node_modules missing, did you mean to install?"
}